
--------------------------------------------------------------------------------
Setup Check - Setup OK - The setup is activated for the right part number in iTAC.
--------------------------------------------------------------------------------
Custom function()
 Started : 10/8/2020, 3:03:21 PM
 .methodName = RocheCESR.cfpParameterViolation
 .inArgs (length = 1)
 .inArgs[0] = {"stationNumber":"xx","violationMessage":"1005"}
 Finished in 119 ms.
--------------------------------------------------------------------------------
Result_customFunction
 .return_value = 0
 .outArgs (length = 1)
 .outArgs[0] = 1005
 .customErrorString = 
--------------------------------------------------------------------------------

--------------------------------------------------------------------------------
Setup Check - Setup OK - The setup is activated for the right part number in iTAC.
--------------------------------------------------------------------------------
Custom function()
 Started : 10/8/2020, 3:26:25 PM
 .methodName = RocheCESR.cffcCheckUser
 .inArgs (length = 5)
 .inArgs[0] = 01010010
 .inArgs[1] = 
 .inArgs[2] = admin
 .inArgs[3] = admin
 .inArgs[4] = 1
 Finished in 937 ms.
--------------------------------------------------------------------------------
Result_customFunction
 .return_value = -1002
 .outArgs (length = 0)
 .customErrorString = Fehler in MES API Fehler in MES API mdataGetUserGroupData : -1002 'Advice confirmation has failed'
--------------------------------------------------------------------------------

--------------------------------------------------------------------------------
Setup Check - Setup OK - The setup is activated for the right part number in iTAC.
--------------------------------------------------------------------------------
Custom function()
 Started : 10/8/2020, 3:37:09 PM
 .methodName = RocheCESR.cffcCheckUser
 .inArgs (length = 5)
 .inArgs[0] = 01010010
 .inArgs[1] = 
 .inArgs[2] = admin
 .inArgs[3] = admin
 .inArgs[4] = 1
 Finished in 495 ms.
--------------------------------------------------------------------------------
Result_customFunction
 .return_value = 0
 .outArgs (length = 2)
 .outArgs[0] = userID
 .outArgs[1] = userGroup
 .customErrorString = 
--------------------------------------------------------------------------------
